<?xml version="1.0" encoding="UTF-8"?>
<!-- Generated by org.testng.reporters.JUnitReportReporter -->
<testsuite hostname="DESKTOP-D9PQEK6" failures="0" tests="1" name="tripadvisor.TestCases.HomeTest" time="90.261" errors="0" timestamp="28 Nov 2022 12:47:12 GMT" skipped="0">
  <testcase classname="tripadvisor.TestCases.HomeTest" name="TC01_DispalyTotalChargesForFourPeopels" time="90.261"/>
</testsuite> <!-- tripadvisor.TestCases.HomeTest -->
